version: (200506)

available memory: 64M bytes
used memory: 237568 bytes [need 232K bytes if disable swap]

used block: 8 [memory(8) file(0)]
                 [ 8K(5) 64K(3) { total 232K bytes } ]
overhead: (9522) bytes for (8) blocks [Average: (1190) bytes/block]

write  => 0(times) 0K(bytes) [0K bytes to file]
read   => 3(times) 34K(bytes) [7K bytes compressed data from file]
access => 344490(times) 2700M(bytes)
          [hit ratio: 99.9991%]

time: write(0) read(0)  unit: second

swap file directory: (/data/kzhang/workplace/1T1R_MACRO/llc_uvm/scripts/verdiLog)
used swap file number: (5)



swap file manager:
arrSize: (256)
idxCnt: (6)
closeHead: (1)
closeTail: (5)
openCnt: (4)
fid(5): fd(1073741826) fileName(/data/kzhang/workplace/1T1R_MACRO/llc_uvm/scripts/simv.daidir/kdb.elab++/work.lib++/llc_if.sv.tdc)
	size(1655) lastModTime(1779173139) curModTime(1779173139)
	mode(rb)	hot(0) cool(4) pos(0)
fid(4): fd(1073741825) fileName(/data/kzhang/workplace/1T1R_MACRO/llc_uvm/scripts/simv.daidir/kdb.elab++/work.lib++/rram_1t1r_macro_llc.sv.tdc)
	size(7671) lastModTime(1779173139) curModTime(1779173139)
	mode(rb)	hot(5) cool(2) pos(0)
fid(3): fd(0) fileName(/data/kzhang/workplace/1T1R_MACRO/llc_uvm/scripts/simv.daidir/kdb.elab++/work.lib++/uvm_custom_install_verdi_recorder.sv.tdc)
	size(13418) lastModTime(1779173139) curModTime(1779173139)
	mode(rb)	hot(0) cool(0) pos(0)
fid(2): fd(29) fileName(/data/kzhang/workplace/1T1R_MACRO/llc_uvm/scripts/verdiLog/_swap_0001#1772262675#97597)
	size(0) lastModTime(0) curModTime(1779173339)
	mode(w+b)	hot(4) cool(1) pos(0)
fid(1): fd(1073741824) fileName(/data/kzhang/workplace/1T1R_MACRO/llc_uvm/scripts/simv.daidir/kdb.elab++/work.lib++/llc_tb_top.sv.tdc)
	size(2218) lastModTime(1779173139) curModTime(1779173139)
	mode(rb)	hot(2) cool(0) pos(0)
fid(0): fd(0) fileName(NULL)
	mode(NULL)	hot(0) cool(0) pos(0)
==================================================
mySelf(1295b5d0) pre(1294cf40) next(0)
version(200506)
date(Feb 11 2019 22:10:27)
