#######################################################################################
# log primitive debug message of FSDB dumping                                         #
# This is for R&D to analyze when there are issues happening when FSDB dump           #
#######################################################################################
ANF: vcsd_get_serial_mode_status('./simv: undefined symbol: vcsd_get_serial_mode_status')
ANF: vcsd_enable_sva_success_callback('./simv: undefined symbol: vcsd_enable_sva_success_callback')
ANF: vcsd_disable_sva_success_callback('./simv: undefined symbol: vcsd_disable_sva_success_callback')
ANF: vcsd_get_power_scope_name('./simv: undefined symbol: vcsd_get_power_scope_name')
ANF: vcsd_begin_no_value_var_info('./simv: undefined symbol: vcsd_begin_no_value_var_info')
ANF: vcsd_end_no_value_var_info('./simv: undefined symbol: vcsd_end_no_value_var_info')
ANF: vcsd_remove_xprop_merge_mode_callback('./simv: undefined symbol: vcsd_remove_xprop_merge_mode_callback')
ANF: vhpi_get_cb_info('./simv: undefined symbol: vhpi_get_cb_info')
ANF: vhpi_free_handle('./simv: undefined symbol: vhpi_free_handle')
ANF: vhpi_fetch_vcsd_handle('./simv: undefined symbol: vhpi_fetch_vcsd_handle')
ANF: vhpi_fetch_vpi_handle('./simv: undefined symbol: vhpi_fetch_vpi_handle')
ANF: vhpi_has_verilog_parent('./simv: undefined symbol: vhpi_has_verilog_parent')
ANF: vhpi_is_verilog_scope('./simv: undefined symbol: vhpi_is_verilog_scope')
ANF: scsd_xprop_is_enabled('./simv: undefined symbol: scsd_xprop_is_enabled')
ANF: scsd_xprop_sig_is_promoted('./simv: undefined symbol: scsd_xprop_sig_is_promoted')
ANF: scsd_xprop_int_xvalue('./simv: undefined symbol: scsd_xprop_int_xvalue')
ANF: scsd_xprop_bool_xvalue('./simv: undefined symbol: scsd_xprop_bool_xvalue')
ANF: scsd_xprop_enum_xvalue('./simv: undefined symbol: scsd_xprop_enum_xvalue')
ANF: scsd_xprop_register_merge_mode_cb('./simv: undefined symbol: scsd_xprop_register_merge_mode_cb')
ANF: scsd_xprop_delete_merge_mode_cb('./simv: undefined symbol: scsd_xprop_delete_merge_mode_cb')
ANF: scsd_xprop_get_merge_mode('./simv: undefined symbol: scsd_xprop_get_merge_mode')
ANF: scsd_thread_get_info('./simv: undefined symbol: scsd_thread_get_info')
ANF: scsd_thread_vc_init('./simv: undefined symbol: scsd_thread_vc_init')
ANF: scsd_master_set_delta_sync_cbk('./simv: undefined symbol: scsd_master_set_delta_sync_cbk')
ANF: scsd_fgp_get_fsdb_cores('./simv: undefined symbol: scsd_fgp_get_fsdb_cores')
ANF: msvEnableDumpingMode('./simv: undefined symbol: msvEnableDumpingMode')
ANF: msvGetVersion('./simv: undefined symbol: msvGetVersion')
ANF: msvGetInstProp('./simv: undefined symbol: msvGetInstProp')
ANF: msvIsSpiceEngineReady('./simv: undefined symbol: msvIsSpiceEngineReady')
ANF: msvSetAddProbeCallback('./simv: undefined symbol: msvSetAddProbeCallback')
ANF: msvGetInstHandle('./simv: undefined symbol: msvGetInstHandle')
ANF: msvGetProbeByInst('./simv: undefined symbol: msvGetProbeByInst')
ANF: msvGetSigHandle('./simv: undefined symbol: msvGetSigHandle')
ANF: msvGetProbeBySig('./simv: undefined symbol: msvGetProbeBySig')
ANF: msvGetProbeInfo('./simv: undefined symbol: msvGetProbeInfo')
ANF: msvRelease('./simv: undefined symbol: msvRelease')
ANF: msvSetVcCallbackFunc('./simv: undefined symbol: msvSetVcCallbackFunc')
ANF: msvCheckVcCallback('./simv: undefined symbol: msvCheckVcCallback')
ANF: msvAddVcCallback('./simv: undefined symbol: msvAddVcCallback')
ANF: msvRemoveVcCallback('./simv: undefined symbol: msvRemoveVcCallback')
ANF: msvGetLatestValue('./simv: undefined symbol: msvGetLatestValue')
ANF: msvSetEndofSimCallback('./simv: undefined symbol: msvSetEndofSimCallback')
ANF: msvIgnoredProbe('./simv: undefined symbol: msvIgnoredProbe')
ANF: msvGetThruNetInfo('./simv: undefined symbol: msvGetThruNetInfo')
ANF: msvFreeThruNetInfo('./simv: undefined symbol: msvFreeThruNetInfo')
ANF: PI_ace_get_output_time_unit('./simv: undefined symbol: PI_ace_get_output_time_unit')
ANF: PI_ace_sim_sync('./simv: undefined symbol: PI_ace_sim_sync')
ANF: msvGetRereadInitFile('./simv: undefined symbol: msvGetRereadInitFile')
ANF: msvSetBeforeRereadCallback('./simv: undefined symbol: msvSetBeforeRereadCallback')
ANF: msvSetAfterRereadCallback('./simv: undefined symbol: msvSetAfterRereadCallback')
ANF: msvSetForceCallback('./simv: undefined symbol: msvSetForceCallback')
ANF: msvSetReleaseCallback('./simv: undefined symbol: msvSetReleaseCallback')
ANF: msvGetForceStatus('./simv: undefined symbol: msvGetForceStatus')
ANF: vhdi_dt_get_type('./simv: undefined symbol: vhdi_dt_get_type')
ANF: vhdi_dt_get_key('./simv: undefined symbol: vhdi_dt_get_key')
ANF: vhdi_dt_get_vhdl_enum_info('./simv: undefined symbol: vhdi_dt_get_vhdl_enum_info')
ANF: vhdi_dt_get_vhdl_physical_info('./simv: undefined symbol: vhdi_dt_get_vhdl_physical_info')
ANF: vhdi_dt_get_vhdl_array_info('./simv: undefined symbol: vhdi_dt_get_vhdl_array_info')
ANF: vhdi_dt_get_vhdl_record_info('./simv: undefined symbol: vhdi_dt_get_vhdl_record_info')
ANF: vhdi_def_traverse_module('./simv: undefined symbol: vhdi_def_traverse_module')
ANF: vhdi_def_traverse_scope('./simv: undefined symbol: vhdi_def_traverse_scope')
ANF: vhdi_def_traverse_variable('./simv: undefined symbol: vhdi_def_traverse_variable')
ANF: vhdi_def_get_module_id_by_vhpi('./simv: undefined symbol: vhdi_def_get_module_id_by_vhpi')
ANF: vhdi_def_get_handle_by_module_id('./simv: undefined symbol: vhdi_def_get_handle_by_module_id')
ANF: vhdi_def_get_variable_info_by_vhpi('./simv: undefined symbol: vhdi_def_get_variable_info_by_vhpi')
ANF: vhdi_def_free('./simv: undefined symbol: vhdi_def_free')
ANF: vhdi_ist_traverse_scope('./simv: undefined symbol: vhdi_ist_traverse_scope')
ANF: vhdi_ist_traverse_variable('./simv: undefined symbol: vhdi_ist_traverse_variable')
ANF: vhdi_ist_convert_by_vhpi('./simv: undefined symbol: vhdi_ist_convert_by_vhpi')
ANF: vhdi_ist_clone('./simv: undefined symbol: vhdi_ist_clone')
ANF: vhdi_ist_free('./simv: undefined symbol: vhdi_ist_free')
ANF: vhdi_ist_hash_key('./simv: undefined symbol: vhdi_ist_hash_key')
ANF: vhdi_ist_compare('./simv: undefined symbol: vhdi_ist_compare')
ANF: vhdi_ist_get_value_addr('./simv: undefined symbol: vhdi_ist_get_value_addr')
ANF: vhdi_set_scsd_callback('./simv: undefined symbol: vhdi_set_scsd_callback')
ANF: vhdi_cbk_set_force_callback('./simv: undefined symbol: vhdi_cbk_set_force_callback')
ANF: vhdi_trigger_init_force('./simv: undefined symbol: vhdi_trigger_init_force')
ANF: vhdi_ist_check_scsd_callback('./simv: undefined symbol: vhdi_ist_check_scsd_callback')
ANF: vhdi_ist_add_scsd_callback('./simv: undefined symbol: vhdi_ist_add_scsd_callback')
ANF: vhdi_ist_remove_scsd_callback('./simv: undefined symbol: vhdi_ist_remove_scsd_callback')
ANF: vhdi_ist_get_scsd_user_data('./simv: undefined symbol: vhdi_ist_get_scsd_user_data')
ANF: vhdi_add_time_change_callback('./simv: undefined symbol: vhdi_add_time_change_callback')
ANF: vhdi_get_real_value_by_value_addr('./simv: undefined symbol: vhdi_get_real_value_by_value_addr')
ANF: vhdi_get_64_value_by_value_addr('./simv: undefined symbol: vhdi_get_64_value_by_value_addr')
ANF: vhdi_xprop_inst_is_promoted('./simv: undefined symbol: vhdi_xprop_inst_is_promoted')
ANF: vdi_ist_convert_by_vhdi('./simv: undefined symbol: vdi_ist_convert_by_vhdi')
ANF: vhdi_ist_get_module_id('./simv: undefined symbol: vhdi_ist_get_module_id')
ANF: vhdi_refine_foreign_scope_type('./simv: undefined symbol: vhdi_refine_foreign_scope_type')
ANF: vhdi_flush_callback('./simv: undefined symbol: vhdi_flush_callback')
ANF: vhdi_set_orig_name('./simv: undefined symbol: vhdi_set_orig_name')
ANF: vhdi_set_dump_pt('./simv: undefined symbol: vhdi_set_dump_pt')
ANF: vhdi_get_fsdb_option('./simv: undefined symbol: vhdi_get_fsdb_option')
ANF: vhdi_fgp_get_mode('./simv: undefined symbol: vhdi_fgp_get_mode')
ANF: vhdi_node_register_composite_var('./simv: undefined symbol: vhdi_node_register_composite_var')
ANF: vhdi_node_analysis('./simv: undefined symbol: vhdi_node_analysis')
ANF: vhdi_node_id('./simv: undefined symbol: vhdi_node_id')
ANF: vhdi_node_ist_check_scsd_callback('./simv: undefined symbol: vhdi_node_ist_check_scsd_callback')
ANF: vhdi_node_ist_add_scsd_callback('./simv: undefined symbol: vhdi_node_ist_add_scsd_callback')
ANF: vhdi_node_ist_get_value_addr('./simv: undefined symbol: vhdi_node_ist_get_value_addr')
VCS compile option:
 option[0]: ./simv
 option[1]: +UVM_TESTNAME=test_int16_random
 option[2]: +UVM_VERBOSITY=UVM_MEDIUM
 option[3]: -l
 option[4]: sim.log
 option[5]: /data/eda/synopsys/vcs/O-2018.09-SP2/linux64/bin/vcs1
 option[6]: -Mcc=gcc
 option[7]: -Mcplusplus=g++
 option[8]: -Masflags=
 option[9]: -Mcfl= -pipe -DVCS -DUVM_DPI_DO_TYPE_CHECK -fPIC -O -I/data/eda/synopsys/vcs/O-2018.09-SP2/include 
 option[10]: -Mxcflags= -pipe -DVCS -DUVM_DPI_DO_TYPE_CHECK -fPIC -I/data/eda/synopsys/vcs/O-2018.09-SP2/include
 option[11]: -Mldflags= -rdynamic 
 option[12]: -Mout=simv
 option[13]: -Mamsrun=
 option[14]: -Mvcsaceobjs=
 option[15]: -Mobjects= /data/eda/synopsys/vcs/O-2018.09-SP2/linux64/lib/libvirsim.so /data/eda/synopsys/vcs/O-2018.09-SP2/linux64/lib/liberrorinf.so /data/eda/synopsys/vcs/O-2018.09-SP2/linux64/lib/libsnpsmalloc.so /data/eda/synopsys/vcs/O-2018.09-SP2/linux64/lib/libvfs.so 
 option[16]: -Mexternalobj=
 option[17]: -Msaverestoreobj=/data/eda/synopsys/vcs/O-2018.09-SP2/linux64/lib/vcs_save_restore_new.o
 option[18]: -Mcrt0=
 option[19]: -Mcrtn=
 option[20]: -Mcsrc=/data/eda/synopsys/vcs/O-2018.09-SP2/etc/uvm-1.2/dpi/uvm_dpi.cc /data/eda/synopsys/vcs/O-2018.09-SP2/etc/uvm-1.2/verdi/dpi/uvm_verdi_dpi.cpp 
 option[21]: -Msyslibs=/data/eda/synopsys/verdi/Verdi_O-2018.09-SP2/share/PLI/VCS/LINUX64/pli.a -ldl 
 option[22]: +define+UVM_VERDI_VIF_RECORD
 option[23]: +define+UVM_VCS_RECORD
 option[24]: +incdir+/data/eda/synopsys/vcs/O-2018.09-SP2/etc/uvm-1.2/vcs
 option[25]: /data/eda/synopsys/vcs/O-2018.09-SP2/etc/uvm-1.2/uvm_pkg.sv
 option[26]: /data/eda/synopsys/vcs/O-2018.09-SP2/etc/uvm-1.2/vcs/uvm_custom_install_vcs_recorder.sv
 option[27]: +incdir+/data/eda/synopsys/vcs/O-2018.09-SP2/etc/uvm-1.2/verdi
 option[28]: /data/eda/synopsys/vcs/O-2018.09-SP2/etc/uvm-1.2/verdi/uvm_custom_install_verdi_recorder.sv
 option[29]: -full64
 option[30]: -ntb_opts
 option[31]: uvm-1.2
 option[32]: +incdir+/data/eda/synopsys/vcs/O-2018.09-SP2/etc/uvm-1.2/
 option[33]: +v2k
 option[34]: -timescale=1ns/10ps
 option[35]: -debug_access+all
 option[36]: +vpi
 option[37]: +vcsd1
 option[38]: +itf+/data/eda/synopsys/vcs/O-2018.09-SP2/linux64/lib/vcsdp_lite.tab
 option[39]: -lca
 option[40]: -kdb
 option[41]: -Xufe=2steps
 option[42]: +define+UVM_NO_DPI
 option[43]: -top
 option[44]: llc_tb_top
 option[45]: -o
 option[46]: simv
 option[47]: -picarchive
 option[48]: -P
 option[49]: /data/eda/synopsys/verdi/Verdi_O-2018.09-SP2/share/PLI/VCS/LINUX64/verdi.tab
 option[50]: -fsdb
 option[51]: -sverilog
 option[52]: -gen_obj
 option[53]: ../../src/mult_int16.sv
 option[54]: ../../src/rram_1t1r_macro_llc.sv
 option[55]: ../env/llc_if.sv
 option[56]: ../env/llc_pkg.sv
 option[57]: ../agent/llc_opa_agent.sv
 option[58]: ../agent/llc_cfg_agent.sv
 option[59]: ../agent/llc_out_agent.sv
 option[60]: ../env/llc_scoreboard.sv
 option[61]: ../env/llc_env.sv
 option[62]: ../seq/llc_base_seq.sv
 option[63]: ../seq/llc_int16_seq.sv
 option[64]: ../seq/llc_base_test.sv
 option[65]: ../test/test_int16_random.sv
 option[66]: ../tb/llc_tb_top.sv
 option[67]: -load
 option[68]: /data/eda/synopsys/verdi/Verdi_O-2018.09-SP2/share/PLI/VCS/LINUX64/libnovas.so:FSDBDumpCmd
 option[69]: timescale=1ns/10ps
Chronologic Simulation VCS Release O-2018.09-SP2_Full64
Linux 3.10.0-1160.119.1.el7.x86_64 #1 SMP Tue Jun 4 14:43:51 UTC 2024 x86_64
CPU cores: 112
Limit information:
======================================
cputime		unlimited
filesize		unlimited
datasize		unlimited
stacksize		8250 kbytes
coredumpsize		0 kbytes
memoryuse		unlimited
vmemoryuse		unlimited
descriptors		4096
memorylocked		64 kbytes
maxproc		4096
======================================
(Special)Runtime environment variables:

Runtime environment variables:
XDG_SESSION_ID=7314
HOSTNAME=yaoyu01
TERM_PROGRAM=vscode
MILKWAY_HOME=/data/eda/synopsys/mw/O-2018.06-SP5-3
SELINUX_ROLE_REQUESTED=
NOVAS_HOME=/data/eda/synopsys/verdi/Verdi_O-2018.09-SP2
Synopsys_Dir=/data/eda/synopsys
SHELL=/bin/bash
TERM=xterm-256color
HISTSIZE=1000
SSH_CLIENT=10.7.13.117 57008 22
CONDA_SHLVL=1
XA_HOME=/data/eda/synopsys/xa/K-2015.06-SP5
CONDA_PROMPT_MODIFIER=(base) 
SELINUX_USE_CURRENT_RANGE=
TERM_PROGRAM_VERSION=1.85.2
QTDIR=/usr/lib64/qt-3.3
QTINC=/usr/lib64/qt-3.3/include
QT_GRAPHICSSYSTEM_CHECKED=1
USER=kzhang
LD_LIBRARY_PATH=/data/eda/synopsys/verdi/Verdi_O-2018.09-SP2/share/PLI/VCS/LINUX64
LS_COLORS=rs=0:di=38;5;27:ln=38;5;51:mh=44;38;5;15:pi=40;38;5;11:so=38;5;13:do=38;5;5:bd=48;5;232;38;5;11:cd=48;5;232;38;5;3:or=48;5;232;38;5;9:mi=05;48;5;232;38;5;15:su=48;5;196;38;5;15:sg=48;5;11;38;5;16:ca=48;5;196;38;5;226:tw=48;5;10;38;5;16:ow=48;5;10;38;5;21:st=48;5;21;38;5;15:ex=38;5;34:*.tar=38;5;9:*.tgz=38;5;9:*.arc=38;5;9:*.arj=38;5;9:*.taz=38;5;9:*.lha=38;5;9:*.lz4=38;5;9:*.lzh=38;5;9:*.lzma=38;5;9:*.tlz=38;5;9:*.txz=38;5;9:*.tzo=38;5;9:*.t7z=38;5;9:*.zip=38;5;9:*.z=38;5;9:*.Z=38;5;9:*.dz=38;5;9:*.gz=38;5;9:*.lrz=38;5;9:*.lz=38;5;9:*.lzo=38;5;9:*.xz=38;5;9:*.bz2=38;5;9:*.bz=38;5;9:*.tbz=38;5;9:*.tbz2=38;5;9:*.tz=38;5;9:*.deb=38;5;9:*.rpm=38;5;9:*.jar=38;5;9:*.war=38;5;9:*.ear=38;5;9:*.sar=38;5;9:*.rar=38;5;9:*.alz=38;5;9:*.ace=38;5;9:*.zoo=38;5;9:*.cpio=38;5;9:*.7z=38;5;9:*.rz=38;5;9:*.cab=38;5;9:*.jpg=38;5;13:*.jpeg=38;5;13:*.gif=38;5;13:*.bmp=38;5;13:*.pbm=38;5;13:*.pgm=38;5;13:*.ppm=38;5;13:*.tga=38;5;13:*.xbm=38;5;13:*.xpm=38;5;13:*.tif=38;5;13:*.tiff=38;5;13:*.png=38;5;13:*.svg=38;5;13:*.svgz=38;5;13:*.mng=38;5;13:*.pcx=38;5;13:*.mov=38;5;13:*.mpg=38;5;13:*.mpeg=38;5;13:*.m2v=38;5;13:*.mkv=38;5;13:*.webm=38;5;13:*.ogm=38;5;13:*.mp4=38;5;13:*.m4v=38;5;13:*.mp4v=38;5;13:*.vob=38;5;13:*.qt=38;5;13:*.nuv=38;5;13:*.wmv=38;5;13:*.asf=38;5;13:*.rm=38;5;13:*.rmvb=38;5;13:*.flc=38;5;13:*.avi=38;5;13:*.fli=38;5;13:*.flv=38;5;13:*.gl=38;5;13:*.dl=38;5;13:*.xcf=38;5;13:*.xwd=38;5;13:*.yuv=38;5;13:*.cgm=38;5;13:*.emf=38;5;13:*.axv=38;5;13:*.anx=38;5;13:*.ogv=38;5;13:*.ogx=38;5;13:*.aac=38;5;45:*.au=38;5;45:*.flac=38;5;45:*.mid=38;5;45:*.midi=38;5;45:*.mka=38;5;45:*.mp3=38;5;45:*.mpc=38;5;45:*.ogg=38;5;45:*.ra=38;5;45:*.wav=38;5;45:*.axa=38;5;45:*.oga=38;5;45:*.spx=38;5;45:*.xspf=38;5;45:
Formality_HOME=/data/eda/synopsys/fm/O-2018.06-SP5
CONDA_EXE=/opt/anaconda3/bin/conda
DVE_HOME=/data/eda/synopsys/vcs/O-2018.09-SP2
SNPSLMD_LICENSE_FILE=27000@localhost.localdomain
Hspice_HOME=/data/eda/synopsys/hspice/N-2017.12-SP2
_CE_CONDA=
MAIL=/var/spool/mail/kzhang
PATH=/home/kzhang/.local/bin:/usr/lib64/firefox:/data/eda/synopsys/fpga/N-2018.03-SP1/bin:/data/eda/synopsys/wv/N-2017.12-SP2/bin:/data/eda/synopsys/verdi/Verdi_O-2018.09-SP2/bin:/data/eda/synopsys/vcs/O-2018.09-SP2/bin:/data/eda/synopsys/starrc/O-2018.06-SP1/bin:/data/eda/synopsys/spyglass/SPYGLASS2017.12-SP2/SPYGLASS_HOME/bin:/data/eda/synopsys/siliconsmart/N-2017.12-SP2/bin:/data/eda/synopsys/xa/K-2015.06-SP5/bin:/data/eda/synopsys/pts/O-2018.06-SP5-2/bin:/data/eda/synopsys/mw/O-2018.06-SP5-3/bin/linux64:/data/eda/synopsys/lc/O-2018.06-SP1/admin/install/lc/bin:/data/eda/synopsys/lc/O-2018.06-SP1/bin:/data/eda/synopsys/icc/O-2018.06-SP5-5/bin:/data/eda/synopsys/icc2/O-2018.06-SP1/linux64/nwtn/bin:/data/eda/synopsys/icc2/O-2018.06-SP1/bin:/data/eda/synopsys/hspice/N-2017.12-SP2/hspice/bin:/data/eda/synopsys/fm/O-2018.06-SP5/bin:/data/eda/synopsys/syn/O-2018.06-SP5-5/bin:/data/eda/synopsys/scl/2018.06/linux64/bin:/opt/anaconda3/bin:/home/kzhang/.vscode-server/bin/8b3775030ed1a69b13e4f4c628c612102e30a681/bin/remote-cli:/home/kzhang/.local/bin:/usr/lib64/firefox:/data/eda/synopsys/fpga/N-2018.03-SP1/bin:/data/eda/synopsys/wv/N-2017.12-SP2/bin:/data/eda/synopsys/verdi/Verdi_O-2018.09-SP2/bin:/data/eda/synopsys/vcs/O-2018.09-SP2/bin:/data/eda/synopsys/starrc/O-2018.06-SP1/bin:/data/eda/synopsys/spyglass/SPYGLASS2017.12-SP2/SPYGLASS_HOME/bin:/data/eda/synopsys/siliconsmart/N-2017.12-SP2/bin:/data/eda/synopsys/xa/K-2015.06-SP5/bin:/data/eda/synopsys/pts/O-2018.06-SP5-2/bin:/data/eda/synopsys/mw/O-2018.06-SP5-3/bin/linux64:/data/eda/synopsys/lc/O-2018.06-SP1/admin/install/lc/bin:/data/eda/synopsys/lc/O-2018.06-SP1/bin:/data/eda/synopsys/icc/O-2018.06-SP5-5/bin:/data/eda/synopsys/icc2/O-2018.06-SP1/linux64/nwtn/bin:/data/eda/synopsys/icc2/O-2018.06-SP1/bin:/data/eda/synopsys/hspice/N-2017.12-SP2/hspice/bin:/data/eda/synopsys/fm/O-2018.06-SP5/bin:/data/eda/synopsys/syn/O-2018.06-SP5-5/bin:/data/eda/synopsys/scl/2018.06/linux64/bin:/usr/lib64/firefox:/data/eda/synopsys/fpga/N-2018.03-SP1/bin:/data/eda/synopsys/wv/N-2017.12-SP2/bin:/data/eda/synopsys/verdi/Verdi_O-2018.09-SP2/bin:/data/eda/synopsys/vcs/O-2018.09-SP2/bin:/data/eda/synopsys/starrc/O-2018.06-SP1/bin:/data/eda/synopsys/spyglass/SPYGLASS2017.12-SP2/SPYGLASS_HOME/bin:/data/eda/synopsys/siliconsmart/N-2017.12-SP2/bin:/data/eda/synopsys/xa/K-2015.06-SP5/bin:/data/eda/synopsys/pts/O-2018.06-SP5-2/bin:/data/eda/synopsys/mw/O-2018.06-SP5-3/bin/linux64:/data/eda/synopsys/lc/O-2018.06-SP1/admin/install/lc/bin:/data/eda/synopsys/lc/O-2018.06-SP1/bin:/data/eda/synopsys/icc/O-2018.06-SP5-5/bin:/data/eda/synopsys/icc2/O-2018.06-SP1/linux64/nwtn/bin:/data/eda/synopsys/icc2/O-2018.06-SP1/bin:/data/eda/synopsys/hspice/N-2017.12-SP2/hspice/bin:/data/eda/synopsys/fm/O-2018.06-SP5/bin:/data/eda/synopsys/syn/O-2018.06-SP5-5/bin:/data/eda/synopsys/scl/2018.06/linux64/bin:/opt/anaconda3/bin:/home/kzhang/.local/bin:/opt/anaconda3/bin:/opt/anaconda3/condabin:/usr/lib64/firefox:/data/eda/synopsys/fpga/N-2018.03-SP1/bin:/data/eda/synopsys/wv/N-2017.12-SP2/bin:/data/eda/synopsys/verdi/Verdi_O-2018.09-SP2/bin:/data/eda/synopsys/vcs/O-2018.09-SP2/bin:/data/eda/synopsys/starrc/O-2018.06-SP1/bin:/data/eda/synopsys/spyglass/SPYGLASS2017.12-SP2/SPYGLASS_HOME/bin:/data/eda/synopsys/siliconsmart/N-2017.12-SP2/bin:/data/eda/synopsys/xa/K-2015.06-SP5/bin:/data/eda/synopsys/pts/O-2018.06-SP5-2/bin:/data/eda/synopsys/mw/O-2018.06-SP5-3/bin/linux64:/data/eda/synopsys/lc/O-2018.06-SP1/admin/install/lc/bin:/data/eda/synopsys/lc/O-2018.06-SP1/bin:/data/eda/synopsys/icc/O-2018.06-SP5-5/bin:/data/eda/synopsys/icc2/O-2018.06-SP1/linux64/nwtn/bin:/data/eda/synopsys/icc2/O-2018.06-SP1/bin:/data/eda/synopsys/hspice/N-2017.12-SP2/hspice/bin:/data/eda/synopsys/fm/O-2018.06-SP5/bin:/data/eda/synopsys/syn/O-2018.06-SP5-5/bin:/data/eda/synopsys/scl/2018.06/linux64/bin:/usr/lib64/firefox:/data/eda/synopsys/fpga/N-2018.03-SP1/bin:/data/eda/synopsys/wv/N-2017.12-SP2/bin:/data/eda/synopsys/verdi/Verdi_O-2018.09-SP2/bin:/data/eda/synopsys/vcs/O-2018.09-SP2/bin:/data/eda/synopsys/starrc/O-2018.06-SP1/bin:/data/eda/synopsys/spyglass/SPYGLASS2017.12-SP2/SPYGLASS_HOME/bin:/data/eda/synopsys/siliconsmart/N-2017.12-SP2/bin:/data/eda/synopsys/xa/K-2015.06-SP5/bin:/data/eda/synopsys/pts/O-2018.06-SP5-2/bin:/data/eda/synopsys/mw/O-2018.06-SP5-3/bin/linux64:/data/eda/synopsys/lc/O-2018.06-SP1/admin/install/lc/bin:/data/eda/synopsys/lc/O-2018.06-SP1/bin:/data/eda/synopsys/icc/O-2018.06-SP5-5/bin:/data/eda/synopsys/icc2/O-2018.06-SP1/linux64/nwtn/bin:/data/eda/synopsys/icc2/O-2018.06-SP1/bin:/data/eda/synopsys/hspice/N-2017.12-SP2/hspice/bin:/data/eda/synopsys/fm/O-2018.06-SP5/bin:/data/eda/synopsys/syn/O-2018.06-SP5-5/bin:/data/eda/synopsys/scl/2018.06/linux64/bin:/usr/lib64/qt-3.3/bin:/opt/anaconda3/bin:/usr/local/bin:/usr/bin:/usr/local/sbin:/usr/sbin:/data/eda/synopsys/vcs/O-2018.09-SP2/gui/dve/bin:/data/eda/synopsys/vcs/O-2018.09-SP2/gui/dve/bin:/home/kzhang/.local/bin:/home/kzhang/bin:/data/eda/synopsys/vcs/O-2018.09-SP2/gui/dve/bin:/data/eda/synopsys/vcs/O-2018.09-SP2/gui/dve/bin:/home/kzhang/.local/bin:/home/kzhang/bin:/data/eda/synopsys/vcs/O-2018.09-SP2/gui/dve/bin
CONDA_PREFIX=/opt/anaconda3
PrimeTime_HOME=/data/eda/synopsys/pts/O-2018.06-SP5-2
PWD=/home/kzhang/workplace/1T1R_MACRO/llc_uvm/scripts
VCS_HOME=/data/eda/synopsys/vcs/O-2018.09-SP2
LANG=C.UTF-8
VCS_ARCH_OVERRIDE=linux
ICC_HOME=/data/eda/synopsys/icc/O-2018.06-SP5-5
VSCODE_GIT_ASKPASS_EXTRA_ARGS=
SELINUX_LEVEL_REQUESTED=
VCS_MX_HOME=/home/synopsys/vcs-mx/O-2018.09-SP2
_CE_M=
SSH_ASKPASS=/usr/libexec/openssh/gnome-ssh-askpass
HISTCONTROL=ignoredups
SHLVL=6
HOME=/home/kzhang
VSCODE_GIT_ASKPASS_MAIN=/home/kzhang/.vscode-server/bin/8b3775030ed1a69b13e4f4c628c612102e30a681/extensions/git/dist/askpass-main.js
ICC2_HOME=/data/eda/synopsys/icc2/O-2018.06-SP1
CONDA_PYTHON_EXE=/opt/anaconda3/bin/python
DC_HOME=/data/eda/synopsys/syn/O-2018.06-SP5-5
LOGNAME=kzhang
SPYGLASS_HOME=/data/eda/synopsys/spyglass/SPYGLASS2017.12-SP2/SPYGLASS_HOME
Siliconsmart_HOME=/data/eda/synopsys/siliconsmart/N-2017.12-SP2
QTLIB=/usr/lib64/qt-3.3/lib
XDG_DATA_DIRS=/home/kzhang/.local/share/flatpak/exports/share:/var/lib/flatpak/exports/share:/usr/local/share:/usr/share
SSH_CONNECTION=10.7.13.117 57008 162.105.19.149 22
VSCODE_GIT_IPC_HANDLE=/run/user/1012/vscode-git-445d7e12f5.sock
VSCODE_IPC_HOOK_CLI=/run/user/1012/vscode-ipc-4835ae46-9958-4b29-ac6e-155800892141.sock
CONDA_DEFAULT_ENV=base
LESSOPEN=||/usr/bin/lesspipe.sh %s
SCL_HOME=/data/eda/synopsys/scl/2018.06
BROWSER=/home/kzhang/.vscode-server/bin/8b3775030ed1a69b13e4f4c628c612102e30a681/bin/helpers/browser.sh
GIT_ASKPASS=/home/kzhang/.vscode-server/bin/8b3775030ed1a69b13e4f4c628c612102e30a681/extensions/git/dist/askpass.sh
VSCODE_GIT_ASKPASS_NODE=/home/kzhang/.vscode-server/bin/8b3775030ed1a69b13e4f4c628c612102e30a681/node
XDG_RUNTIME_DIR=/run/user/1012
LC_HOME=/data/eda/synopsys/lc/O-2018.06-SP1
syn_HOME=/data/eda/synopsys/fpga/N-2018.03-SP1
StarRC_HOME=/data/eda/synopsys/starrc/O-2018.06-SP1
WV_HOME=/data/eda/synopsys/wv/N-2017.12-SP2
COLORTERM=truecolor
_=./simv
VCS_HEAP_EXEC=true
VCS_PATHMAP_PRELOAD_DONE=1
VCS_STACK_EXEC=true
VCS_EXEC_DONE=1
LC_ALL=C
DVE=/data/eda/synopsys/vcs/O-2018.09-SP2/gui/dve
SPECMAN_OUTPUT_TO_TTY=1
Runtime command line arguments:
argv[0]=./simv
argv[1]=+UVM_TESTNAME=test_int16_random
argv[2]=+UVM_VERBOSITY=UVM_MEDIUM
argv[3]=-l
argv[4]=sim.log
276 profile - 100
          CPU/Mem usage: 0.030 sys,  0.150 user,  271.03M mem
277 Fri May 22 15:55:29 2026
278 pliAppInit
279 FSDB_GATE is set.
280 FSDB_RTL is set.
281 Enable Parallel Dumping.
282 pliAppMiscSet: New Sim Round
283 pliEntryInit
284 LIBSSCORE=found /data/eda/synopsys/verdi/Verdi_O-2018.09-SP2/share/PLI/lib/LINUXAMD64/libsscore_vcs201809.so through $NOVAS_HOME setting.
285 FSDB Dumper for VCS, Release Verdi_O-2018.09-SP2, Linux x86_64/64bit, 02/21/2019
286 (C) 1996 - 2019 by Synopsys, Inc.
287 sps_call_fsdbDumpfile_main at 0 : ../tb/llc_tb_top.sv(35)
288 argv[0]: (llc_uvm.fsdb)
289 *Verdi* : Create FSDB file 'llc_uvm.fsdb'
290 compile option from '/data/kzhang/workplace/1T1R_MACRO/llc_uvm/scripts/simv.daidir/vcs_rebuild'.
291   "vcs '-sverilog' '-full64' '-ntb_opts' 'uvm-1.2' '+v2k' '-timescale=1ns/10ps' '-debug_access+all' '-lca' '-kdb' '+define+UVM_NO_DPI' '-top' 'llc_tb_top' '-o' 'simv' '../../src/mult_int16.sv' '../../src/rram_1t1r_macro_llc.sv' '../env/llc_if.sv' '../env/llc_pkg.sv' '../agent/llc_opa_agent.sv' '../agent/llc_cfg_agent.sv' '../agent/llc_out_agent.sv' '../env/llc_scoreboard.sv' '../env/llc_env.sv' '../seq/llc_base_seq.sv' '../seq/llc_int16_seq.sv' '../seq/llc_base_test.sv' '../test/test_int16_random.sv' '../tb/llc_tb_top.sv' 2>&1"
292 FSDB_VCS_ENABLE_FAST_VC is enable
293 sps_call_fsdbDumpvars_vd_main at 0 : ../tb/llc_tb_top.sv(36)
294 argv[0]: (0)
295 argv[1]: (handle) llc_tb_top.dut
296 [spi_vcs_vd_ppi_create_root]: no upf option
297 FSDB dumper cannot dump UPF related power signal ($power_tree): no ppiPowerNetwork.
298 *Verdi* : Begin traversing the scope (llc_tb_top.dut), layer (0).
299 *Verdi* : End of traversing.
300 pliAppHDL_DumpVarComplete traverse var: profile - 
          CPU/Mem usage: 0.040 sys,  0.190 user,  384.29M mem
                   incr: 0.000 sys,  0.010 user,  8.53M mem
                   accu: 0.000 sys,  0.010 user,  8.53M mem
              accu incr: 0.000 sys,  0.010 user,  8.53M mem

          Count usage: 2318 var,  2127 idcode,  2125 callback
                 incr: 2318 var,  2127 idcode,  2125 callback
                 accu: 2318 var,  2127 idcode,  2125 callback
            accu incr: 2318 var,  2127 idcode,  2125 callback
301 Fri May 22 15:55:29 2026
302 pliAppHDL_DumpVarComplete: profile - 
          CPU/Mem usage: 0.040 sys,  0.190 user,  385.35M mem
                   incr: 0.000 sys,  0.000 user,  1.05M mem
                   accu: 0.000 sys,  0.010 user,  9.58M mem
              accu incr: 0.000 sys,  0.000 user,  1.05M mem

          Count usage: 2318 var,  2127 idcode,  2125 callback
                 incr: 0 var,  0 idcode,  0 callback
                 accu: 2318 var,  2127 idcode,  2125 callback
            accu incr: 0 var,  0 idcode,  0 callback
303 Fri May 22 15:55:29 2026
304 End of simulation at 31650
305 Fri May 22 15:55:30 2026
306 Begin FSDB profile info:
307 FSDB Writer : bc1(222) bcn(129896) mtf/stf(0/0)
FSDB Writer elapsed time : flush(0.021181) io wait(0.000000) theadpool wait(0.000000) target functin(0.000000)
FSDB Writer cpu time : MT Compression : 0
308 End FSDB profile info
309 Parallel profile    -  Flush:3 Expand:0 ProduceWait:0 ConsumerWait:0 BlockUsed:1
310                        ProduceTime:0.332961090 ConsumerTime:0.005208483 Buffer:64MB
311 SimExit
312 Sim process exit
