Command: /home/kzhang/workplace/1T1R_MACRO/llc_uvm/scripts/./simv +UVM_TESTNAME=test_int16_random +UVM_VERBOSITY=UVM_MEDIUM -l sim.log
Chronologic VCS simulator copyright 1991-2018
Contains Synopsys proprietary information.
Compiler version O-2018.09-SP2_Full64; Runtime version O-2018.09-SP2_Full64;  May 22 15:55 2026
UVM_INFO /data/eda/synopsys/vcs/O-2018.09-SP2/etc/uvm-1.2/base/uvm_root.svh(402) @ 0: reporter [UVM/RELNOTES] 
----------------------------------------------------------------
UVM-1.2.Synopsys
(C) 2007-2014 Mentor Graphics Corporation
(C) 2007-2014 Cadence Design Systems, Inc.
(C) 2006-2014 Synopsys, Inc.
(C) 2011-2013 Cypress Semiconductor Corp.
(C) 2013-2014 NVIDIA Corporation
----------------------------------------------------------------

  ***********       IMPORTANT RELEASE NOTES         ************

  You are using a version of the UVM library that has been compiled
  with `UVM_NO_DEPRECATED undefined.
  See http://www.eda.org/svdb/view.php?id=3313 for more details.

  You are using a version of the UVM library that has been compiled
  with `UVM_OBJECT_DO_NOT_NEED_CONSTRUCTOR undefined.
  See http://www.eda.org/svdb/view.php?id=3770 for more details.

      (Specify +UVM_NO_RELNOTES to turn off this notice)

*Verdi* WARNING: Use VERDI_HOME to replace NOVAS_HOME because NOVAS_HOME will not be supported in future releases.
*Verdi* Loading libsscore_vcs201809.so
FSDB Dumper for VCS, Release Verdi_O-2018.09-SP2, Linux x86_64/64bit, 02/21/2019
(C) 1996 - 2019 by Synopsys, Inc.
*Verdi* : Create FSDB file 'llc_uvm.fsdb'
*Verdi* : Begin traversing the scope (llc_tb_top.dut), layer (0).
*Verdi* : End of traversing.
UVM_INFO /data/eda/synopsys/vcs/O-2018.09-SP2/etc/uvm-1.2/base/uvm_root.svh(463) @ 0: reporter [NO_DPI_TSTNAME] UVM_NO_DPI defined--getting UVM_TESTNAME directly, without DPI
UVM_INFO @ 0: reporter [RNTST] Running test test_int16_random...
UVM_INFO /data/eda/synopsys/vcs/O-2018.09-SP2/etc/uvm-1.2/base/uvm_traversal.svh(279) @ 0: reporter [UVM/COMP/NAMECHECK] This implementation of the component name checks requires DPI to be enabled
UVM_INFO ../test/test_int16_random.sv(15) @ 0: uvm_test_top [TEST] Starting INT16 random test (200 iterations)
DEBUG_IN[0]: opa[15:0]=0xe157 opb[15:0]=0x8217 mode=0 exp=0x80b169f6(2159110646)
DEBUG_IN[1]: opa[15:0]=0xef13 opb[15:0]=0xc374 mode=0 exp=0x3ffd3fa612f(-738565841)
UVM_INFO /data/eda/synopsys/vcs/O-2018.09-SP2/etc/uvm-1.2/base/uvm_objection.svh(1276) @ 31700: reporter [TEST_DONE] 'run' phase is ready to proceed to the 'extract' phase
UVM_INFO ../env/llc_scoreboard.sv(75) @ 31700: uvm_test_top.env.scoreboard [SCBD] 
==================================================
             SCOREBOARD REPORT:
             Total checked : 96
             Total passed  : 96
             Total failed  : 0
             FIFO remaining : 4
             ==================================================
UVM_INFO /data/eda/synopsys/vcs/O-2018.09-SP2/etc/uvm-1.2/base/uvm_report_server.svh(894) @ 31700: reporter [UVM/REPORT/SERVER] 
--- UVM Report Summary ---

** Report counts by severity
UVM_INFO :    7
UVM_WARNING :    0
UVM_ERROR :    0
UVM_FATAL :    0
** Report counts by id
[NO_DPI_TSTNAME]     1
[RNTST]     1
[SCBD]     1
[TEST]     1
[TEST_DONE]     1
[UVM/COMP/NAMECHECK]     1
[UVM/RELNOTES]     1

$finish called from file "/data/eda/synopsys/vcs/O-2018.09-SP2/etc/uvm-1.2/base/uvm_root.svh", line 527.
$finish at simulation time                31650
           V C S   S i m u l a t i o n   R e p o r t 
Time: 316500 ps
CPU Time:      0.320 seconds;       Data structure size:   0.7Mb
Fri May 22 15:55:30 2026
